[15:25:15] This is prokka 1.14.6
[15:25:15] Written by Torsten Seemann <torsten.seemann@gmail.com>
[15:25:15] Homepage is https://github.com/tseemann/prokka
[15:25:15] Local time is Wed Sep 20 15:25:15 2023
[15:25:15] You are mft
[15:25:15] Operating system is linux
[15:25:15] You have BioPerl 1.7.8
[15:25:15] System has 8 cores.
[15:25:15] Will use maximum of 8 cores.
[15:25:15] Annotating as >>> Bacteria <<<
[15:25:15] Generating locus_tag from 'wol_DRR351748.con.fa' contents.
[15:25:15] Setting --locustag IOEBKPOH from MD5 28eb4981879cb388819366274638be47
[15:25:15] Creating new output folder: wol_DRR351748_prokka
[15:25:15] Running: mkdir -p wol_DRR351748_prokka
[15:25:15] Using filename prefix: PROKKA_09202023.XXX
[15:25:15] Setting HMMER_NCPU=1
[15:25:15] Writing log to: wol_DRR351748_prokka/PROKKA_09202023.log
[15:25:15] Command: /home/mft/anaconda3/envs/prokka/bin/prokka wol_DRR351748.con.fa --outdir wol_DRR351748_prokka
[15:25:15] Appending to PATH: /home/mft/anaconda3/envs/prokka/bin
[15:25:15] Looking for 'aragorn' - found /home/mft/anaconda3/envs/prokka/bin/aragorn
[15:25:15] Determined aragorn version is 001002 from 'ARAGORN v1.2.41 Dean Laslett'
[15:25:15] Looking for 'barrnap' - found /home/mft/anaconda3/envs/prokka/bin/barrnap
[15:25:15] Determined barrnap version is 000009 from 'barrnap 0.9'
[15:25:15] Looking for 'blastp' - found /home/mft/anaconda3/envs/prokka/bin/blastp
[15:25:15] Determined blastp version is 002014 from 'blastp: 2.14.1+'
[15:25:15] Looking for 'cmpress' - found /home/mft/anaconda3/envs/prokka/bin/cmpress
[15:25:15] Determined cmpress version is 001001 from '# INFERNAL 1.1.4 (Dec 2020)'
[15:25:15] Looking for 'cmscan' - found /home/mft/anaconda3/envs/prokka/bin/cmscan
[15:25:15] Determined cmscan version is 001001 from '# INFERNAL 1.1.4 (Dec 2020)'
[15:25:15] Looking for 'egrep' - found /usr/bin/egrep
[15:25:15] Looking for 'find' - found /usr/bin/find
[15:25:15] Looking for 'grep' - found /usr/bin/grep
[15:25:15] Looking for 'hmmpress' - found /home/mft/anaconda3/envs/prokka/bin/hmmpress
[15:25:15] Determined hmmpress version is 003003 from '# HMMER 3.3.2 (Nov 2020); http://hmmer.org/'
[15:25:15] Looking for 'hmmscan' - found /home/mft/anaconda3/envs/prokka/bin/hmmscan
[15:25:15] Determined hmmscan version is 003003 from '# HMMER 3.3.2 (Nov 2020); http://hmmer.org/'
[15:25:15] Looking for 'java' - found /home/mft/anaconda3/envs/prokka/bin/java
[15:25:15] Looking for 'makeblastdb' - found /home/mft/anaconda3/envs/prokka/bin/makeblastdb
[15:25:15] Determined makeblastdb version is 002014 from 'makeblastdb: 2.14.1+'
[15:25:15] Looking for 'minced' - found /home/mft/anaconda3/envs/prokka/bin/minced
[15:25:15] Determined minced version is 004002 from 'minced 0.4.2'
[15:25:15] Looking for 'parallel' - found /home/mft/anaconda3/envs/prokka/bin/parallel
[15:25:15] Determined parallel version is 20230722 from 'GNU parallel 20230722'
[15:25:15] Looking for 'prodigal' - found /home/mft/anaconda3/envs/prokka/bin/prodigal
[15:25:15] Determined prodigal version is 002006 from 'Prodigal V2.6.3: February, 2016'
[15:25:15] Looking for 'prokka-genbank_to_fasta_db' - found /home/mft/anaconda3/envs/prokka/bin/prokka-genbank_to_fasta_db
[15:25:15] Looking for 'sed' - found /usr/bin/sed
[15:25:15] Looking for 'tbl2asn' - found /home/mft/anaconda3/envs/prokka/bin/tbl2asn
[15:25:15] Determined tbl2asn version is 025007 from 'tbl2asn 25.7   arguments:'
[15:25:15] Using genetic code table 11.
[15:25:15] Loading and checking input file: wol_DRR351748.con.fa
[15:25:15] Wrote 1 contigs totalling 1262738 bp.
[15:25:15] Predicting tRNAs and tmRNAs
[15:25:15] Running: aragorn -l -gc11  -w wol_DRR351748_prokka\/PROKKA_09202023\.fna
[15:25:16] 1 tRNA-Leu [2876,2963] 35 (gag)
[15:25:16] 2 tRNA-Trp [17304,17377] 34 (cca)
[15:25:16] 3 tRNA-Arg c[44313,44390] 36 (acg)
[15:25:16] 4 tRNA-Thr [83683,83756] 34 (tgt)
[15:25:16] 5 tmRNA* c[116820,117155] 195,245 ANDNFAAEDNVVALAA*
[15:25:16] 6 tRNA-Ile [124508,124584] 35 (gat)
[15:25:16] 7 tRNA-Arg [140462,140538] 35 (cct)
[15:25:16] 8 tRNA-Leu c[302047,302129] 35 (tag)
[15:25:16] 9 tRNA-Leu [337687,337770] 34 (caa)
[15:25:16] 10 tRNA-Leu [371164,371250] 35 (taa)
[15:25:16] 11 tRNA-Phe c[512397,512470] 34 (gaa)
[15:25:16] 12 tRNA-Asp [518120,518196] 35 (gtc)
[15:25:16] 13 tRNA-Gly c[657594,657665] 33 (tcc)
[15:25:16] 14 tRNA-Tyr c[657669,657753] 36 (gta)
[15:25:16] 15 tRNA-Ser [720262,720349] 35 (gga)
[15:25:16] 16 tRNA-Arg [744964,745039] 36 (ccg)
[15:25:16] 17 tRNA-Met [757459,757532] 34 (cat)
[15:25:16] 18 tRNA-Gln c[790891,790963] 33 (ttg)
[15:25:16] 19 tRNA-Asn [837684,837756] 33 (gtt)
[15:25:16] 20 tRNA-Gly c[846384,846457] 34 (gcc)
[15:25:16] 21 tRNA-Met [847752,847828] 35 (cat)
[15:25:16] 22 tRNA-Ala c[931694,931769] 34 (tgc)
[15:25:16] 23 tRNA-Lys [932111,932184] 34 (ttt)
[15:25:16] 24 tRNA-Ser [938042,938130] 35 (tga)
[15:25:16] 25 tRNA-Leu [953324,953409] 35 (cag)
[15:25:16] 26 tRNA-His c[966954,967029] 34 (gtg)
[15:25:16] 27 tRNA-Val [1000307,1000380] 34 (gac)
[15:25:16] 28 tRNA-Arg c[1076041,1076116] 36 (tct)
[15:25:16] 29 tRNA-Thr c[1101334,1101407] 34 (ggt)
[15:25:16] 30 tRNA-Met c[1103084,1103160] 35 (cat)
[15:25:16] 31 tRNA-Pro c[1153928,1154003] 36 (tgg)
[15:25:16] 32 tRNA-Glu c[1154797,1154869] 34 (ttc)
[15:25:16] 33 tRNA-Cys [1181484,1181556] 34 (gca)
[15:25:16] 34 tRNA-Ser [1203990,1204082] 36 (gct)
[15:25:16] Found 34 tRNAs
[15:25:16] Predicting Ribosomal RNAs
[15:25:16] Running Barrnap with 8 threads
[15:25:17] 1 NZ_CP046925.1 182066 23S ribosomal RNA
[15:25:17] 2 NZ_CP046925.1 184895 5S ribosomal RNA
[15:25:17] 3 NZ_CP046925.1 1163128 16S ribosomal RNA
[15:25:17] Found 3 rRNAs
[15:25:17] Skipping ncRNA search, enable with --rfam if desired.
[15:25:17] Total of 36 tRNA + rRNA features
[15:25:17] Searching for CRISPR repeats
[15:25:17] Found 0 CRISPRs
[15:25:17] Predicting coding sequences
[15:25:17] Contigs total 1262738 bp, so using single mode
[15:25:17] Running: prodigal -i wol_DRR351748_prokka\/PROKKA_09202023\.fna -c -m -g 11 -p single -f sco -q
[15:25:18] Excluding CDS which overlaps existing RNA (tRNA) at NZ_CP046925.1:301965..302123 on - strand
[15:25:18] Excluding CDS which overlaps existing RNA (tRNA) at NZ_CP046925.1:337701..338390 on + strand
[15:25:19] Excluding CDS which overlaps existing RNA (tRNA) at NZ_CP046925.1:756167..757468 on + strand
[15:25:19] Excluding CDS which overlaps existing RNA (tRNA) at NZ_CP046925.1:790954..791289 on - strand
[15:25:19] Excluding CDS which overlaps existing RNA (tRNA) at NZ_CP046925.1:938048..938161 on + strand
[15:25:19] Excluding CDS which overlaps existing RNA (tRNA) at NZ_CP046925.1:1000343..1001302 on + strand
[15:25:19] Excluding CDS which overlaps existing RNA (tRNA) at NZ_CP046925.1:1076041..1076460 on + strand
[15:25:19] Excluding CDS which overlaps existing RNA (tRNA) at NZ_CP046925.1:1103124..1105334 on + strand
[15:25:19] Found 1362 CDS
[15:25:19] Connecting features back to sequences
[15:25:19] Not using genus-specific database. Try --usegenus to enable it.
[15:25:19] Annotating CDS, please be patient.
[15:25:19] Will use 8 CPUs for similarity searching.
[15:25:19] There are still 1362 unannotated CDS left (started with 1362)
[15:25:19] Will use blast to search against /home/mft/anaconda3/envs/prokka/db/kingdom/Bacteria/IS with 8 CPUs
[15:25:19] Running: cat wol_DRR351748_prokka\/PROKKA_09202023\.IS\.tmp\.17072\.faa | parallel --gnu --plain -j 8 --block 22265 --recstart '>' --pipe blastp -query - -db /home/mft/anaconda3/envs/prokka/db/kingdom/Bacteria/IS -evalue 1e-30 -qcov_hsp_perc 90 -num_threads 1 -num_descriptions 1 -num_alignments 1 -seg no > wol_DRR351748_prokka\/PROKKA_09202023\.IS\.tmp\.17072\.blast 2> /dev/null
[15:25:24] Deleting unwanted file: wol_DRR351748_prokka/PROKKA_09202023.IS.tmp.17072.faa
[15:25:24] Deleting unwanted file: wol_DRR351748_prokka/PROKKA_09202023.IS.tmp.17072.blast
[15:25:25] There are still 1306 unannotated CDS left (started with 1362)
[15:25:25] Will use blast to search against /home/mft/anaconda3/envs/prokka/db/kingdom/Bacteria/AMR with 8 CPUs
[15:25:25] Running: cat wol_DRR351748_prokka\/PROKKA_09202023\.AMR\.tmp\.17072\.faa | parallel --gnu --plain -j 8 --block 21722 --recstart '>' --pipe blastp -query - -db /home/mft/anaconda3/envs/prokka/db/kingdom/Bacteria/AMR -evalue 1e-300 -qcov_hsp_perc 90 -num_threads 1 -num_descriptions 1 -num_alignments 1 -seg no > wol_DRR351748_prokka\/PROKKA_09202023\.AMR\.tmp\.17072\.blast 2> /dev/null
[15:25:29] Deleting unwanted file: wol_DRR351748_prokka/PROKKA_09202023.AMR.tmp.17072.faa
[15:25:29] Deleting unwanted file: wol_DRR351748_prokka/PROKKA_09202023.AMR.tmp.17072.blast
[15:25:30] There are still 1306 unannotated CDS left (started with 1362)
[15:25:30] Will use blast to search against /home/mft/anaconda3/envs/prokka/db/kingdom/Bacteria/sprot with 8 CPUs
[15:25:30] Running: cat wol_DRR351748_prokka\/PROKKA_09202023\.sprot\.tmp\.17072\.faa | parallel --gnu --plain -j 8 --block 21722 --recstart '>' --pipe blastp -query - -db /home/mft/anaconda3/envs/prokka/db/kingdom/Bacteria/sprot -evalue 1e-09 -qcov_hsp_perc 80 -num_threads 1 -num_descriptions 1 -num_alignments 1 -seg no > wol_DRR351748_prokka\/PROKKA_09202023\.sprot\.tmp\.17072\.blast 2> /dev/null
[15:25:50] Modify product: UPF0758 protein => hypothetical protein
[15:25:50] Modify product: UPF0053 inner membrane protein YoaE => hypothetical protein
[15:25:50] Modify product: Bifunctional protein FolD => Bifunctional protein FolD protein
[15:25:50] Modify product: UPF0335 protein CCNA_03428 => hypothetical protein
[15:25:50] Modify product: UPF0053 protein HI_0107 => hypothetical protein
[15:25:51] Modify product: SCO1 protein homolog => SCO1 protein 
[15:25:51] Modify product: Uncharacterized protein NMB0459 => putative protein
[15:25:51] Modify product: UPF0758 protein => hypothetical protein
[15:25:51] Modify product: Probable peptidoglycan glycosyltransferase FtsW => putative peptidoglycan glycosyltransferase FtsW
[15:25:51] Modify product: Putative multidrug export ATP-binding/permease protein SAV1866 => Putative multidrug export ATP-binding/permease protein
[15:25:51] Modify product: Probable transcriptional regulatory protein DVU_2259 => putative transcriptional regulatory protein
[15:25:51] Modify product: Uncharacterized protein RP812 => putative protein RP812
[15:25:51] Modify product: Probable oxidoreductase CT_610 => putative oxidoreductase CT_610
[15:25:51] Modify product: Uncharacterized metal-dependent hydrolase YcfH => putative metal-dependent hydrolase YcfH
[15:25:51] Modify product: UPF0176 protein lpg2838 => hypothetical protein
[15:25:51] Modify product: Cytochrome b561 homolog 2 => Cytochrome b561 
[15:25:51] Modify product: Probable chromosome-partitioning protein ParB => putative chromosome-partitioning protein ParB
[15:25:51] Modify product: Uncharacterized zinc protease Rv2782c => putative zinc protease
[15:25:51] Modify product: Uncharacterized zinc protease Rv2782c => putative zinc protease
[15:25:51] Modify product: Probable ribonucleotide transport ATP-binding protein mkl => putative ribonucleotide transport ATP-binding protein mkl
[15:25:51] Modify product: Probable lipid II flippase MurJ => putative lipid II flippase MurJ
[15:25:51] Modify product: Probable murein peptide carboxypeptidase => putative murein peptide carboxypeptidase
[15:25:51] Modify product: Probable protein kinase UbiB => putative protein kinase UbiB
[15:25:51] Modify product: Probable peptidoglycan D,D-transpeptidase FtsI => putative peptidoglycan D,D-transpeptidase FtsI
[15:25:51] Cleaned 24 /product names
[15:25:51] Deleting unwanted file: wol_DRR351748_prokka/PROKKA_09202023.sprot.tmp.17072.faa
[15:25:51] Deleting unwanted file: wol_DRR351748_prokka/PROKKA_09202023.sprot.tmp.17072.blast
[15:25:51] There are still 784 unannotated CDS left (started with 1362)
[15:25:51] Will use hmmer3 to search against /home/mft/anaconda3/envs/prokka/db/hmm/HAMAP.hmm with 8 CPUs
[15:25:51] Running: cat wol_DRR351748_prokka\/PROKKA_09202023\.HAMAP\.hmm\.tmp\.17072\.faa | parallel --gnu --plain -j 8 --block 10588 --recstart '>' --pipe hmmscan --noali --notextw --acc -E 1e-09 --cpu 1 /home/mft/anaconda3/envs/prokka/db/hmm/HAMAP.hmm /dev/stdin > wol_DRR351748_prokka\/PROKKA_09202023\.HAMAP\.hmm\.tmp\.17072\.hmmer3 2> /dev/null
[15:26:02] Deleting unwanted file: wol_DRR351748_prokka/PROKKA_09202023.HAMAP.hmm.tmp.17072.faa
[15:26:02] Deleting unwanted file: wol_DRR351748_prokka/PROKKA_09202023.HAMAP.hmm.tmp.17072.hmmer3
[15:26:02] Labelling remaining 708 proteins as 'hypothetical protein'
[15:26:02] Possible /pseudo 'Elongation factor G' at NZ_CP046925.1 position 15090
[15:26:02] Possible /pseudo 'Transcription termination/antitermination protein NusG' at NZ_CP046925.1 position 18015
[15:26:02] Possible /pseudo 'IS5 family transposase ISWpi1' at NZ_CP046925.1 position 47157
[15:26:02] Possible /pseudo 'IS4 family transposase ISWosp2' at NZ_CP046925.1 position 50074
[15:26:02] Possible /pseudo 'Leucine--tRNA ligase' at NZ_CP046925.1 position 58655
[15:26:02] Possible /pseudo 'Guanidinium exporter' at NZ_CP046925.1 position 92055
[15:26:02] Possible /pseudo 'IS4 family transposase ISWosp8' at NZ_CP046925.1 position 93451
[15:26:02] Possible /pseudo 'IS5 family transposase ISWpi1' at NZ_CP046925.1 position 126534
[15:26:02] Possible /pseudo 'Ribosomal RNA small subunit methyltransferase H' at NZ_CP046925.1 position 156929
[15:26:02] Possible /pseudo 'IS5 family transposase ISWpi1' at NZ_CP046925.1 position 197511
[15:26:02] Possible /pseudo 'Cytochrome c-type biogenesis protein CcmF' at NZ_CP046925.1 position 217871
[15:26:02] Possible /pseudo 'IS5 family transposase ISWpi1' at NZ_CP046925.1 position 308639
[15:26:02] Possible /pseudo 'Isoleucine--tRNA ligase' at NZ_CP046925.1 position 399940
[15:26:02] Possible /pseudo 'ATP synthase subunit b' at NZ_CP046925.1 position 409141
[15:26:02] Possible /pseudo 'Glutamate--tRNA ligase' at NZ_CP046925.1 position 415469
[15:26:02] Possible /pseudo 'IS5 family transposase ISWpi1' at NZ_CP046925.1 position 437058
[15:26:02] Possible /pseudo 'Valine--tRNA ligase' at NZ_CP046925.1 position 445798
[15:26:02] Possible /pseudo 'CTP synthase' at NZ_CP046925.1 position 450389
[15:26:02] Possible /pseudo 'IS5 family transposase ISWpi1' at NZ_CP046925.1 position 507068
[15:26:02] Possible /pseudo 'IS5 family transposase ISWpi1' at NZ_CP046925.1 position 531469
[15:26:02] Possible /pseudo 'IS5 family transposase ISWpi1' at NZ_CP046925.1 position 567085
[15:26:02] Possible /pseudo 'L-allo-threonine aldolase' at NZ_CP046925.1 position 600634
[15:26:02] Possible /pseudo 'IS5 family transposase ISWpi1' at NZ_CP046925.1 position 633572
[15:26:02] Possible /pseudo '3,4-dihydroxy-2-butanone 4-phosphate synthase' at NZ_CP046925.1 position 639863
[15:26:02] Possible /pseudo 'Carbamoyl-phosphate synthase small chain' at NZ_CP046925.1 position 658481
[15:26:02] Possible /pseudo 'GTPase Era' at NZ_CP046925.1 position 715407
[15:26:02] Possible /pseudo 'IS4 family transposase ISWpi18' at NZ_CP046925.1 position 775433
[15:26:02] Possible /pseudo 'UDP-N-acetylmuramoylalanine--D-glutamate ligase' at NZ_CP046925.1 position 810215
[15:26:02] Possible /pseudo 'Alanine--tRNA ligase' at NZ_CP046925.1 position 831141
[15:26:02] Possible /pseudo 'IS630 family transposase ISWpi11' at NZ_CP046925.1 position 870397
[15:26:02] Possible /pseudo 'IS5 family transposase ISWpi1' at NZ_CP046925.1 position 871328
[15:26:02] Possible /pseudo 'IS5 family transposase ISWpi1' at NZ_CP046925.1 position 883794
[15:26:02] Possible /pseudo 'Ribonuclease E' at NZ_CP046925.1 position 891611
[15:26:02] Possible /pseudo 'IS5 family transposase ISWpi1' at NZ_CP046925.1 position 894194
[15:26:02] Possible /pseudo 'tRNA modification GTPase MnmE' at NZ_CP046925.1 position 937737
[15:26:02] Possible /pseudo 'Cysteine desulfurase IscS' at NZ_CP046925.1 position 951125
[15:26:02] Possible /pseudo 'tRNA uridine 5-carboxymethylaminomethyl modification enzyme MnmG' at NZ_CP046925.1 position 965504
[15:26:02] Possible /pseudo 'Amino-acid carrier protein AlsT' at NZ_CP046925.1 position 1005157
[15:26:02] Possible /pseudo 'Outer membrane protein assembly factor BamA' at NZ_CP046925.1 position 1040118
[15:26:02] Possible /pseudo 'IS4 family transposase ISWosp8' at NZ_CP046925.1 position 1049260
[15:26:02] Possible /pseudo 'UDP-N-acetylmuramoyl-tripeptide--D-alanyl-D-alanine ligase' at NZ_CP046925.1 position 1074412
[15:26:02] Possible /pseudo 'UDP-N-acetylmuramoyl-tripeptide--D-alanyl-D-alanine ligase' at NZ_CP046925.1 position 1074826
[15:26:02] Possible /pseudo 'DNA topoisomerase 1' at NZ_CP046925.1 position 1080935
[15:26:02] Possible /pseudo 'IS4 family transposase ISWosp8' at NZ_CP046925.1 position 1098081
[15:26:02] Possible /pseudo 'Ferrochelatase' at NZ_CP046925.1 position 1128441
[15:26:02] Possible /pseudo 'ATP-dependent protease ATPase subunit HslU' at NZ_CP046925.1 position 1132515
[15:26:02] Possible /pseudo 'IS5 family transposase ISWpi1' at NZ_CP046925.1 position 1167996
[15:26:02] Found 517 unique /gene codes.
[15:26:02] Fixed 2 duplicate /gene - ileS_1 ileS_2
[15:26:02] Fixed 2 duplicate /gene - ltaA_1 ltaA_2
[15:26:02] Fixed 2 duplicate /gene - fusA_1 fusA_2
[15:26:02] Fixed 2 duplicate /gene - rnhA_1 rnhA_2
[15:26:02] Fixed 2 duplicate /gene - rnd_1 rnd_2
[15:26:02] Fixed 2 duplicate /gene - argD_1 argD_2
[15:26:02] Fixed 2 duplicate /gene - hslU_1 hslU_2
[15:26:02] Fixed 2 duplicate /gene - mnmG_1 mnmG_2
[15:26:02] Fixed 2 duplicate /gene - era_1 era_2
[15:26:02] Fixed 2 duplicate /gene - glmU_1 glmU_2
[15:26:02] Fixed 2 duplicate /gene - ccmF_1 ccmF_2
[15:26:02] Fixed 2 duplicate /gene - iscS_1 iscS_2
[15:26:02] Fixed 2 duplicate /gene - mnmE_1 mnmE_2
[15:26:02] Fixed 2 duplicate /gene - hemH_1 hemH_2
[15:26:02] Fixed 2 duplicate /gene - proP_1 proP_2
[15:26:02] Fixed 2 duplicate /gene - rsmH_1 rsmH_2
[15:26:02] Fixed 2 duplicate /gene - algA_1 algA_2
[15:26:02] Fixed 2 duplicate /gene - atpF_1 atpF_2
[15:26:02] Fixed 2 duplicate /gene - mutL_1 mutL_2
[15:26:02] Fixed 2 duplicate /gene - carA_1 carA_2
[15:26:02] Fixed 2 duplicate /gene - rne_1 rne_2
[15:26:02] Fixed 2 duplicate /gene - bamA_1 bamA_2
[15:26:02] Fixed 2 duplicate /gene - pyrG_1 pyrG_2
[15:26:02] Fixed 2 duplicate /gene - virB9_1 virB9_2
[15:26:02] Fixed 2 duplicate /gene - tufA_1 tufA_2
[15:26:02] Fixed 3 duplicate /gene - alsT_1 alsT_2 alsT_3
[15:26:02] Fixed 3 duplicate /gene - gltX_1 gltX_2 gltX_3
[15:26:02] Fixed 2 duplicate /gene - xerD_1 xerD_2
[15:26:02] Fixed 2 duplicate /gene - gdx_1 gdx_2
[15:26:02] Fixed 2 duplicate /gene - alaS_1 alaS_2
[15:26:02] Fixed 2 duplicate /gene - nusG_1 nusG_2
[15:26:02] Fixed 2 duplicate /gene - leuS_1 leuS_2
[15:26:02] Fixed 2 duplicate /gene - murD_1 murD_2
[15:26:02] Fixed 2 duplicate /gene - ruvB_1 ruvB_2
[15:26:02] Fixed 3 duplicate /gene - murF_1 murF_2 murF_3
[15:26:02] Fixed 2 duplicate /gene - topA_1 topA_2
[15:26:02] Fixed 2 duplicate /gene - surA_1 surA_2
[15:26:02] Fixed 3 duplicate /gene - ftsH_1 ftsH_2 ftsH_3
[15:26:02] Fixed 2 duplicate /gene - rcsC_1 rcsC_2
[15:26:02] Fixed 2 duplicate /gene - priA_1 priA_2
[15:26:02] Fixed 2 duplicate /gene - valS_1 valS_2
[15:26:02] Fixed 2 duplicate /gene - atpB_1 atpB_2
[15:26:02] Fixed 3 duplicate /gene - smc_1 smc_2 smc_3
[15:26:02] Fixed 2 duplicate /gene - atpH_1 atpH_2
[15:26:02] Fixed 2 duplicate /gene - ribB_1 ribB_2
[15:26:02] Fixed 2 duplicate /gene - purL_1 purL_2
[15:26:02] Fixed 2 duplicate /gene - dnaA_1 dnaA_2
[15:26:02] Fixed 2 duplicate /gene - COQ3_1 COQ3_2
[15:26:02] Fixed 2 duplicate /gene - virB4_1 virB4_2
[15:26:02] Fixed 2 duplicate /gene - ispG_1 ispG_2
[15:26:02] Fixed 50 colliding /gene names.
[15:26:02] Adding /locus_tag identifiers
[15:26:02] Assigned 1399 locus_tags to CDS and RNA features.
[15:26:02] Writing outputs to wol_DRR351748_prokka/
[15:26:04] Generating annotation statistics file
[15:26:04] Generating Genbank and Sequin files
[15:26:04] Running: tbl2asn -V b -a r10k -l paired-ends -M n -N 1 -y 'Annotated using prokka 1.14.6 from https://github.com/tseemann/prokka' -Z wol_DRR351748_prokka\/PROKKA_09202023\.err -i wol_DRR351748_prokka\/PROKKA_09202023\.fsa 2> /dev/null
[15:26:07] Deleting unwanted file: wol_DRR351748_prokka/errorsummary.val
[15:26:07] Deleting unwanted file: wol_DRR351748_prokka/PROKKA_09202023.dr
[15:26:07] Deleting unwanted file: wol_DRR351748_prokka/PROKKA_09202023.fixedproducts
[15:26:07] Deleting unwanted file: wol_DRR351748_prokka/PROKKA_09202023.ecn
[15:26:07] Deleting unwanted file: wol_DRR351748_prokka/PROKKA_09202023.val
[15:26:07] Repairing broken .GBK output that tbl2asn produces...
[15:26:07] Running: sed 's/COORDINATES: profile/COORDINATES:profile/' < wol_DRR351748_prokka\/PROKKA_09202023\.gbf > wol_DRR351748_prokka\/PROKKA_09202023\.gbk
[15:26:07] Deleting unwanted file: wol_DRR351748_prokka/PROKKA_09202023.gbf
[15:26:07] Output files:
[15:26:07] wol_DRR351748_prokka/PROKKA_09202023.err
[15:26:07] wol_DRR351748_prokka/PROKKA_09202023.faa
[15:26:07] wol_DRR351748_prokka/PROKKA_09202023.ffn
[15:26:07] wol_DRR351748_prokka/PROKKA_09202023.fna
[15:26:07] wol_DRR351748_prokka/PROKKA_09202023.fsa
[15:26:07] wol_DRR351748_prokka/PROKKA_09202023.gbk
[15:26:07] wol_DRR351748_prokka/PROKKA_09202023.gff
[15:26:07] wol_DRR351748_prokka/PROKKA_09202023.log
[15:26:07] wol_DRR351748_prokka/PROKKA_09202023.sqn
[15:26:07] wol_DRR351748_prokka/PROKKA_09202023.tbl
[15:26:07] wol_DRR351748_prokka/PROKKA_09202023.tsv
[15:26:07] wol_DRR351748_prokka/PROKKA_09202023.txt
[15:26:07] Annotation finished successfully.
[15:26:07] Walltime used: 0.87 minutes
[15:26:07] If you use this result please cite the Prokka paper:
[15:26:07] Seemann T (2014) Prokka: rapid prokaryotic genome annotation. Bioinformatics. 30(14):2068-9.
[15:26:07] Type 'prokka --citation' for more details.
[15:26:07] Thank you, come again.
