[15:26:57] This is prokka 1.14.6
[15:26:57] Written by Torsten Seemann <torsten.seemann@gmail.com>
[15:26:57] Homepage is https://github.com/tseemann/prokka
[15:26:57] Local time is Wed Sep 20 15:26:57 2023
[15:26:57] You are mft
[15:26:57] Operating system is linux
[15:26:57] You have BioPerl 1.7.8
[15:26:57] System has 8 cores.
[15:26:57] Will use maximum of 8 cores.
[15:26:57] Annotating as >>> Bacteria <<<
[15:26:57] Generating locus_tag from 'wol_ERR10558085.con.fa' contents.
[15:26:57] Setting --locustag EHLCDNJP from MD5 e15cd739c6e1af3e58f9f928afbf2db7
[15:26:57] Creating new output folder: wol_ERR10558085_prokka
[15:26:57] Running: mkdir -p wol_ERR10558085_prokka
[15:26:57] Using filename prefix: PROKKA_09202023.XXX
[15:26:57] Setting HMMER_NCPU=1
[15:26:57] Writing log to: wol_ERR10558085_prokka/PROKKA_09202023.log
[15:26:57] Command: /home/mft/anaconda3/envs/prokka/bin/prokka wol_ERR10558085.con.fa --outdir wol_ERR10558085_prokka
[15:26:57] Appending to PATH: /home/mft/anaconda3/envs/prokka/bin
[15:26:57] Looking for 'aragorn' - found /home/mft/anaconda3/envs/prokka/bin/aragorn
[15:26:57] Determined aragorn version is 001002 from 'ARAGORN v1.2.41 Dean Laslett'
[15:26:57] Looking for 'barrnap' - found /home/mft/anaconda3/envs/prokka/bin/barrnap
[15:26:57] Determined barrnap version is 000009 from 'barrnap 0.9'
[15:26:57] Looking for 'blastp' - found /home/mft/anaconda3/envs/prokka/bin/blastp
[15:26:57] Determined blastp version is 002014 from 'blastp: 2.14.1+'
[15:26:57] Looking for 'cmpress' - found /home/mft/anaconda3/envs/prokka/bin/cmpress
[15:26:57] Determined cmpress version is 001001 from '# INFERNAL 1.1.4 (Dec 2020)'
[15:26:57] Looking for 'cmscan' - found /home/mft/anaconda3/envs/prokka/bin/cmscan
[15:26:57] Determined cmscan version is 001001 from '# INFERNAL 1.1.4 (Dec 2020)'
[15:26:57] Looking for 'egrep' - found /usr/bin/egrep
[15:26:57] Looking for 'find' - found /usr/bin/find
[15:26:57] Looking for 'grep' - found /usr/bin/grep
[15:26:57] Looking for 'hmmpress' - found /home/mft/anaconda3/envs/prokka/bin/hmmpress
[15:26:57] Determined hmmpress version is 003003 from '# HMMER 3.3.2 (Nov 2020); http://hmmer.org/'
[15:26:57] Looking for 'hmmscan' - found /home/mft/anaconda3/envs/prokka/bin/hmmscan
[15:26:57] Determined hmmscan version is 003003 from '# HMMER 3.3.2 (Nov 2020); http://hmmer.org/'
[15:26:57] Looking for 'java' - found /home/mft/anaconda3/envs/prokka/bin/java
[15:26:57] Looking for 'makeblastdb' - found /home/mft/anaconda3/envs/prokka/bin/makeblastdb
[15:26:57] Determined makeblastdb version is 002014 from 'makeblastdb: 2.14.1+'
[15:26:57] Looking for 'minced' - found /home/mft/anaconda3/envs/prokka/bin/minced
[15:26:58] Determined minced version is 004002 from 'minced 0.4.2'
[15:26:58] Looking for 'parallel' - found /home/mft/anaconda3/envs/prokka/bin/parallel
[15:26:58] Determined parallel version is 20230722 from 'GNU parallel 20230722'
[15:26:58] Looking for 'prodigal' - found /home/mft/anaconda3/envs/prokka/bin/prodigal
[15:26:58] Determined prodigal version is 002006 from 'Prodigal V2.6.3: February, 2016'
[15:26:58] Looking for 'prokka-genbank_to_fasta_db' - found /home/mft/anaconda3/envs/prokka/bin/prokka-genbank_to_fasta_db
[15:26:58] Looking for 'sed' - found /usr/bin/sed
[15:26:58] Looking for 'tbl2asn' - found /home/mft/anaconda3/envs/prokka/bin/tbl2asn
[15:26:58] Determined tbl2asn version is 025007 from 'tbl2asn 25.7   arguments:'
[15:26:58] Using genetic code table 11.
[15:26:58] Loading and checking input file: wol_ERR10558085.con.fa
[15:26:58] Wrote 1 contigs totalling 1250665 bp.
[15:26:58] Predicting tRNAs and tmRNAs
[15:26:58] Running: aragorn -l -gc11  -w wol_ERR10558085_prokka\/PROKKA_09202023\.fna
[15:26:58] 1 tRNA-Leu [2876,2963] 35 (gag)
[15:26:58] 2 tRNA-Trp [17304,17377] 34 (cca)
[15:26:58] 3 tRNA-Arg c[44313,44390] 36 (acg)
[15:26:58] 4 tRNA-Thr [83638,83711] 34 (tgt)
[15:26:58] 5 tmRNA* c[116415,116750] 195,245 ANDNFAAEDNVDAIAA*
[15:26:58] 6 tRNA-Ile [124056,124132] 35 (gat)
[15:26:58] 7 tRNA-Arg [139808,139884] 35 (cct)
[15:26:58] 8 tRNA-Leu c[300669,300751] 35 (tag)
[15:26:58] 9 tRNA-Leu [336211,336294] 34 (caa)
[15:26:58] 10 tRNA-Leu [369630,369716] 35 (taa)
[15:26:58] 11 tRNA-Phe c[510662,510736] 34 (gaa)
[15:26:58] 12 tRNA-Asp [516386,516462] 35 (gtc)
[15:26:58] 13 tRNA-Gly c[646839,646910] 33 (tcc)
[15:26:58] 14 tRNA-Tyr c[646915,646997] 35 (gta)
[15:26:58] 15 tRNA-Ser [709905,709993] 36 (gga)
[15:26:58] 16 tRNA-Arg [734796,734870] 35 (ccg)
[15:26:58] 17 tRNA-Met [747290,747363] 34 (cat)
[15:26:58] 18 tRNA-Gln c[780474,780548] 33 (ttg)
[15:26:58] 19 tRNA-Asn [827259,827331] 33 (gtt)
[15:26:58] 20 tRNA-Gly c[835959,836032] 34 (gcc)
[15:26:58] 21 tRNA-Met [837327,837403] 35 (cat)
[15:26:58] 22 tRNA-Ala c[921287,921362] 34 (tgc)
[15:26:58] 23 tRNA-Lys [921704,921777] 34 (ttt)
[15:26:58] 24 tRNA-Ser [928008,928096] 35 (tga)
[15:26:58] 25 tRNA-Leu [943198,943283] 35 (cag)
[15:26:58] 26 tRNA-His c[956877,956952] 34 (gtg)
[15:26:58] 27 tRNA-Val [989984,990057] 34 (gac)
[15:26:58] 28 tRNA-Arg c[1065969,1066043] 35 (tct)
[15:26:58] 29 tRNA-Thr c[1090918,1090991] 34 (ggt)
[15:26:58] 30 tRNA-Met c[1092668,1092744] 35 (cat)
[15:26:58] 31 tRNA-Val c[1137429,1137501] 34 (tac)
[15:26:58] 32 tRNA-Pro c[1143882,1143957] 36 (tgg)
[15:26:58] 33 tRNA-Glu c[1144889,1144961] 34 (ttc)
[15:26:58] 34 tRNA-Cys [1171576,1171648] 34 (gca)
[15:26:58] 35 tRNA-Ser [1193979,1194071] 36 (gct)
[15:26:58] Found 35 tRNAs
[15:26:58] Predicting Ribosomal RNAs
[15:26:58] Running Barrnap with 8 threads
[15:26:59] 1 NZ_CP046925.1 181187 23S ribosomal RNA
[15:26:59] 2 NZ_CP046925.1 184016 5S ribosomal RNA
[15:26:59] 3 NZ_CP046925.1 1153220 16S ribosomal RNA
[15:26:59] Found 3 rRNAs
[15:26:59] Skipping ncRNA search, enable with --rfam if desired.
[15:26:59] Total of 37 tRNA + rRNA features
[15:26:59] Searching for CRISPR repeats
[15:26:59] Found 0 CRISPRs
[15:26:59] Predicting coding sequences
[15:26:59] Contigs total 1250665 bp, so using single mode
[15:26:59] Running: prodigal -i wol_ERR10558085_prokka\/PROKKA_09202023\.fna -c -m -g 11 -p single -f sco -q
[15:27:01] Excluding CDS which overlaps existing RNA (tRNA) at NZ_CP046925.1:300587..300745 on - strand
[15:27:01] Excluding CDS which overlaps existing RNA (tRNA) at NZ_CP046925.1:745998..747290 on + strand
[15:27:01] Excluding CDS which overlaps existing RNA (tRNA) at NZ_CP046925.1:780539..780874 on - strand
[15:27:01] Excluding CDS which overlaps existing RNA (tRNA) at NZ_CP046925.1:990020..990979 on + strand
[15:27:01] Excluding CDS which overlaps existing RNA (tRNA) at NZ_CP046925.1:1065978..1066388 on + strand
[15:27:01] Excluding CDS which overlaps existing RNA (tRNA) at NZ_CP046925.1:1092708..1094969 on + strand
[15:27:01] Found 1270 CDS
[15:27:01] Connecting features back to sequences
[15:27:01] Not using genus-specific database. Try --usegenus to enable it.
[15:27:01] Annotating CDS, please be patient.
[15:27:01] Will use 8 CPUs for similarity searching.
[15:27:02] There are still 1270 unannotated CDS left (started with 1270)
[15:27:02] Will use blast to search against /home/mft/anaconda3/envs/prokka/db/kingdom/Bacteria/IS with 8 CPUs
[15:27:02] Running: cat wol_ERR10558085_prokka\/PROKKA_09202023\.IS\.tmp\.18497\.faa | parallel --gnu --plain -j 8 --block 22247 --recstart '>' --pipe blastp -query - -db /home/mft/anaconda3/envs/prokka/db/kingdom/Bacteria/IS -evalue 1e-30 -qcov_hsp_perc 90 -num_threads 1 -num_descriptions 1 -num_alignments 1 -seg no > wol_ERR10558085_prokka\/PROKKA_09202023\.IS\.tmp\.18497\.blast 2> /dev/null
[15:27:07] Deleting unwanted file: wol_ERR10558085_prokka/PROKKA_09202023.IS.tmp.18497.faa
[15:27:07] Deleting unwanted file: wol_ERR10558085_prokka/PROKKA_09202023.IS.tmp.18497.blast
[15:27:08] There are still 1215 unannotated CDS left (started with 1270)
[15:27:08] Will use blast to search against /home/mft/anaconda3/envs/prokka/db/kingdom/Bacteria/AMR with 8 CPUs
[15:27:08] Running: cat wol_ERR10558085_prokka\/PROKKA_09202023\.AMR\.tmp\.18497\.faa | parallel --gnu --plain -j 8 --block 21711 --recstart '>' --pipe blastp -query - -db /home/mft/anaconda3/envs/prokka/db/kingdom/Bacteria/AMR -evalue 1e-300 -qcov_hsp_perc 90 -num_threads 1 -num_descriptions 1 -num_alignments 1 -seg no > wol_ERR10558085_prokka\/PROKKA_09202023\.AMR\.tmp\.18497\.blast 2> /dev/null
[15:27:12] Deleting unwanted file: wol_ERR10558085_prokka/PROKKA_09202023.AMR.tmp.18497.faa
[15:27:12] Deleting unwanted file: wol_ERR10558085_prokka/PROKKA_09202023.AMR.tmp.18497.blast
[15:27:13] There are still 1215 unannotated CDS left (started with 1270)
[15:27:13] Will use blast to search against /home/mft/anaconda3/envs/prokka/db/kingdom/Bacteria/sprot with 8 CPUs
[15:27:13] Running: cat wol_ERR10558085_prokka\/PROKKA_09202023\.sprot\.tmp\.18497\.faa | parallel --gnu --plain -j 8 --block 21711 --recstart '>' --pipe blastp -query - -db /home/mft/anaconda3/envs/prokka/db/kingdom/Bacteria/sprot -evalue 1e-09 -qcov_hsp_perc 80 -num_threads 1 -num_descriptions 1 -num_alignments 1 -seg no > wol_ERR10558085_prokka\/PROKKA_09202023\.sprot\.tmp\.18497\.blast 2> /dev/null
[15:27:37] Modify product: SCO1 protein homolog => SCO1 protein 
[15:27:37] Modify product: Uncharacterized protein NMB0459 => putative protein
[15:27:37] Modify product: UPF0758 protein => hypothetical protein
[15:27:37] Modify product: Probable peptidoglycan glycosyltransferase FtsW => putative peptidoglycan glycosyltransferase FtsW
[15:27:37] Modify product: Uncharacterized ABC transporter ATP-binding protein TM_0288 => putative ABC transporter ATP-binding protein
[15:27:37] Modify product: UPF0053 inner membrane protein YoaE => hypothetical protein
[15:27:37] Modify product: Probable GTP-binding protein EngB => putative GTP-binding protein EngB
[15:27:37] Modify product: Bifunctional protein FolD => Bifunctional protein FolD protein
[15:27:37] Modify product: UPF0335 protein CCNA_03428 => hypothetical protein
[15:27:37] Modify product: UPF0053 protein HI_0107 => hypothetical protein
[15:27:37] Modify product: UPF0758 protein => hypothetical protein
[15:27:37] Modify product: Probable transcriptional regulatory protein aq_1575 => putative transcriptional regulatory protein
[15:27:37] Modify product: Uncharacterized protein RP812 => putative protein RP812
[15:27:37] Modify product: Uncharacterized zinc protease Rv2782c => putative zinc protease
[15:27:37] Modify product: Uncharacterized zinc protease Rv2782c => putative zinc protease
[15:27:37] Modify product: Uncharacterized zinc protease Rv2782c => putative zinc protease
[15:27:37] Modify product: Cytochrome b561 homolog 2 => Cytochrome b561 
[15:27:37] Modify product: Probable chromosome-partitioning protein ParB => putative chromosome-partitioning protein ParB
[15:27:37] Modify product: Probable oxidoreductase CT_610 => putative oxidoreductase CT_610
[15:27:37] Modify product: Probable protein kinase UbiB => putative protein kinase UbiB
[15:27:37] Modify product: Probable ribonucleotide transport ATP-binding protein mkl => putative ribonucleotide transport ATP-binding protein mkl
[15:27:37] Modify product: Probable peptidoglycan D,D-transpeptidase FtsI => putative peptidoglycan D,D-transpeptidase FtsI
[15:27:37] Modify product: Uncharacterized oxidoreductase YciK => putative oxidoreductase YciK
[15:27:37] Modify product: Uncharacterized metal-dependent hydrolase YcfH => putative metal-dependent hydrolase YcfH
[15:27:37] Modify product: Uncharacterized HIT-like protein HP_0404 => putative HIT-like protein
[15:27:37] Modify product: UPF0176 protein lpg2838 => hypothetical protein
[15:27:37] Modify product: Probable lipid II flippase MurJ => putative lipid II flippase MurJ
[15:27:37] Modify product: Probable murein peptide carboxypeptidase => putative murein peptide carboxypeptidase
[15:27:38] Cleaned 28 /product names
[15:27:38] Deleting unwanted file: wol_ERR10558085_prokka/PROKKA_09202023.sprot.tmp.18497.faa
[15:27:38] Deleting unwanted file: wol_ERR10558085_prokka/PROKKA_09202023.sprot.tmp.18497.blast
[15:27:38] There are still 711 unannotated CDS left (started with 1270)
[15:27:38] Will use hmmer3 to search against /home/mft/anaconda3/envs/prokka/db/hmm/HAMAP.hmm with 8 CPUs
[15:27:38] Running: cat wol_ERR10558085_prokka\/PROKKA_09202023\.HAMAP\.hmm\.tmp\.18497\.faa | parallel --gnu --plain -j 8 --block 10730 --recstart '>' --pipe hmmscan --noali --notextw --acc -E 1e-09 --cpu 1 /home/mft/anaconda3/envs/prokka/db/hmm/HAMAP.hmm /dev/stdin > wol_ERR10558085_prokka\/PROKKA_09202023\.HAMAP\.hmm\.tmp\.18497\.hmmer3 2> /dev/null
[15:27:48] Deleting unwanted file: wol_ERR10558085_prokka/PROKKA_09202023.HAMAP.hmm.tmp.18497.faa
[15:27:48] Deleting unwanted file: wol_ERR10558085_prokka/PROKKA_09202023.HAMAP.hmm.tmp.18497.hmmer3
[15:27:48] Labelling remaining 641 proteins as 'hypothetical protein'
[15:27:48] Possible /pseudo 'IS5 family transposase ISWpi1' at NZ_CP046925.1 position 47157
[15:27:48] Possible /pseudo 'IS4 family transposase ISWosp2' at NZ_CP046925.1 position 50074
[15:27:48] Possible /pseudo 'Guanidinium exporter' at NZ_CP046925.1 position 91650
[15:27:48] Possible /pseudo 'IS4 family transposase ISWosp8' at NZ_CP046925.1 position 93046
[15:27:48] Possible /pseudo 'IS5 family transposase ISWpi1' at NZ_CP046925.1 position 126082
[15:27:48] Possible /pseudo 'Aminopyrimidine aminohydrolase' at NZ_CP046925.1 position 127136
[15:27:48] Possible /pseudo 'Iron-sulfur cluster carrier protein' at NZ_CP046925.1 position 163120
[15:27:48] Possible /pseudo 'IS5 family transposase ISWpi1' at NZ_CP046925.1 position 196536
[15:27:48] Possible /pseudo 'ATP-dependent Clp protease ATP-binding subunit ClpX' at NZ_CP046925.1 position 298378
[15:27:48] Possible /pseudo 'IS5 family transposase ISWpi1' at NZ_CP046925.1 position 307261
[15:27:48] Possible /pseudo 'IS5 family transposase ISWpi1' at NZ_CP046925.1 position 435489
[15:27:48] Possible /pseudo 'IS5 family transposase ISWpi1' at NZ_CP046925.1 position 505334
[15:27:48] Possible /pseudo 'IS5 family transposase ISWpi1' at NZ_CP046925.1 position 529654
[15:27:48] Possible /pseudo 'IS5 family transposase ISWpi1' at NZ_CP046925.1 position 565277
[15:27:48] Possible /pseudo 'L-allo-threonine aldolase' at NZ_CP046925.1 position 598594
[15:27:48] Possible /pseudo 'IS5 family transposase ISWpi1' at NZ_CP046925.1 position 631440
[15:27:48] Possible /pseudo 'putative zinc protease' at NZ_CP046925.1 position 723047
[15:27:48] Possible /pseudo 'IS4 family transposase ISWpi18' at NZ_CP046925.1 position 765260
[15:27:48] Possible /pseudo 'IS5 family transposase ISWpi1' at NZ_CP046925.1 position 860807
[15:27:48] Possible /pseudo 'Chaperone protein DnaK' at NZ_CP046925.1 position 879356
[15:27:48] Possible /pseudo 'IS5 family transposase ISWpi1' at NZ_CP046925.1 position 883582
[15:27:48] Possible /pseudo 'Amino-acid carrier protein AlsT' at NZ_CP046925.1 position 994959
[15:27:48] Possible /pseudo 'IS4 family transposase ISWosp8' at NZ_CP046925.1 position 1039230
[15:27:48] Possible /pseudo 'N5-carboxyaminoimidazole ribonucleotide synthase' at NZ_CP046925.1 position 1078243
[15:27:48] Possible /pseudo 'IS4 family transposase ISWosp8' at NZ_CP046925.1 position 1087665
[15:27:48] Possible /pseudo 'IS5 family transposase ISWpi1' at NZ_CP046925.1 position 1158088
[15:27:48] Found 510 unique /gene codes.
[15:27:48] Fixed 2 duplicate /gene - argD_1 argD_2
[15:27:48] Fixed 2 duplicate /gene - clpX_1 clpX_2
[15:27:48] Fixed 3 duplicate /gene - smc_1 smc_2 smc_3
[15:27:48] Fixed 2 duplicate /gene - dnaK_1 dnaK_2
[15:27:48] Fixed 2 duplicate /gene - glmU_1 glmU_2
[15:27:48] Fixed 2 duplicate /gene - atpG_1 atpG_2
[15:27:48] Fixed 2 duplicate /gene - tenA_1 tenA_2
[15:27:48] Fixed 2 duplicate /gene - ltrA_1 ltrA_2
[15:27:48] Fixed 2 duplicate /gene - purL_1 purL_2
[15:27:48] Fixed 2 duplicate /gene - rcsC_1 rcsC_2
[15:27:48] Fixed 2 duplicate /gene - surA_1 surA_2
[15:27:48] Fixed 2 duplicate /gene - mutL_1 mutL_2
[15:27:48] Fixed 2 duplicate /gene - virB4_1 virB4_2
[15:27:48] Fixed 2 duplicate /gene - gltX1_1 gltX1_2
[15:27:48] Fixed 2 duplicate /gene - gdx_1 gdx_2
[15:27:48] Fixed 3 duplicate /gene - proP_1 proP_2 proP_3
[15:27:48] Fixed 2 duplicate /gene - rnhA_1 rnhA_2
[15:27:48] Fixed 2 duplicate /gene - iscS_1 iscS_2
[15:27:48] Fixed 2 duplicate /gene - xerD_1 xerD_2
[15:27:48] Fixed 2 duplicate /gene - COQ3_1 COQ3_2
[15:27:48] Fixed 2 duplicate /gene - rnd_1 rnd_2
[15:27:48] Fixed 2 duplicate /gene - ltaA_1 ltaA_2
[15:27:48] Fixed 2 duplicate /gene - aspS_1 aspS_2
[15:27:48] Fixed 3 duplicate /gene - ftsH_1 ftsH_2 ftsH_3
[15:27:48] Fixed 2 duplicate /gene - dnaA_1 dnaA_2
[15:27:48] Fixed 2 duplicate /gene - algA_1 algA_2
[15:27:48] Fixed 2 duplicate /gene - purK_1 purK_2
[15:27:48] Fixed 2 duplicate /gene - tufA_1 tufA_2
[15:27:48] Fixed 3 duplicate /gene - alsT_1 alsT_2 alsT_3
[15:27:48] Fixed 29 colliding /gene names.
[15:27:48] Adding /locus_tag identifiers
[15:27:48] Assigned 1308 locus_tags to CDS and RNA features.
[15:27:48] Writing outputs to wol_ERR10558085_prokka/
[15:27:50] Generating annotation statistics file
[15:27:50] Generating Genbank and Sequin files
[15:27:50] Running: tbl2asn -V b -a r10k -l paired-ends -M n -N 1 -y 'Annotated using prokka 1.14.6 from https://github.com/tseemann/prokka' -Z wol_ERR10558085_prokka\/PROKKA_09202023\.err -i wol_ERR10558085_prokka\/PROKKA_09202023\.fsa 2> /dev/null
[15:27:53] Deleting unwanted file: wol_ERR10558085_prokka/errorsummary.val
[15:27:53] Deleting unwanted file: wol_ERR10558085_prokka/PROKKA_09202023.dr
[15:27:53] Deleting unwanted file: wol_ERR10558085_prokka/PROKKA_09202023.fixedproducts
[15:27:53] Deleting unwanted file: wol_ERR10558085_prokka/PROKKA_09202023.ecn
[15:27:53] Deleting unwanted file: wol_ERR10558085_prokka/PROKKA_09202023.val
[15:27:53] Repairing broken .GBK output that tbl2asn produces...
[15:27:53] Running: sed 's/COORDINATES: profile/COORDINATES:profile/' < wol_ERR10558085_prokka\/PROKKA_09202023\.gbf > wol_ERR10558085_prokka\/PROKKA_09202023\.gbk
[15:27:53] Deleting unwanted file: wol_ERR10558085_prokka/PROKKA_09202023.gbf
[15:27:53] Output files:
[15:27:53] wol_ERR10558085_prokka/PROKKA_09202023.err
[15:27:53] wol_ERR10558085_prokka/PROKKA_09202023.faa
[15:27:53] wol_ERR10558085_prokka/PROKKA_09202023.ffn
[15:27:53] wol_ERR10558085_prokka/PROKKA_09202023.fna
[15:27:53] wol_ERR10558085_prokka/PROKKA_09202023.fsa
[15:27:53] wol_ERR10558085_prokka/PROKKA_09202023.gbk
[15:27:53] wol_ERR10558085_prokka/PROKKA_09202023.gff
[15:27:53] wol_ERR10558085_prokka/PROKKA_09202023.log
[15:27:53] wol_ERR10558085_prokka/PROKKA_09202023.sqn
[15:27:53] wol_ERR10558085_prokka/PROKKA_09202023.tbl
[15:27:53] wol_ERR10558085_prokka/PROKKA_09202023.tsv
[15:27:53] wol_ERR10558085_prokka/PROKKA_09202023.txt
[15:27:53] Annotation finished successfully.
[15:27:53] Walltime used: 0.93 minutes
[15:27:53] If you use this result please cite the Prokka paper:
[15:27:53] Seemann T (2014) Prokka: rapid prokaryotic genome annotation. Bioinformatics. 30(14):2068-9.
[15:27:53] Type 'prokka --citation' for more details.
[15:27:53] Thank you, come again.
