[10:27:34] This is prokka 1.14.6
[10:27:34] Written by Torsten Seemann <torsten.seemann@gmail.com>
[10:27:34] Homepage is https://github.com/tseemann/prokka
[10:27:34] Local time is Wed Sep 20 10:27:34 2023
[10:27:34] You are mft
[10:27:34] Operating system is linux
[10:27:34] You have BioPerl 1.7.8
[10:27:34] System has 8 cores.
[10:27:34] Will use maximum of 8 cores.
[10:27:34] Annotating as >>> Bacteria <<<
[10:27:34] Generating locus_tag from 'wol_DRR353013.con.fa' contents.
[10:27:34] Setting --locustag PGJBDIIN from MD5 903bd22751b2b344bc4cb19e26739386
[10:27:34] Creating new output folder: wol_DRR353013_prokka
[10:27:34] Running: mkdir -p wol_DRR353013_prokka
[10:27:34] Using filename prefix: PROKKA_09202023.XXX
[10:27:34] Setting HMMER_NCPU=1
[10:27:34] Writing log to: wol_DRR353013_prokka/PROKKA_09202023.log
[10:27:34] Command: /home/mft/anaconda3/envs/prokka/bin/prokka wol_DRR353013.con.fa --outdir wol_DRR353013_prokka
[10:27:34] Appending to PATH: /home/mft/anaconda3/envs/prokka/bin
[10:27:34] Looking for 'aragorn' - found /home/mft/anaconda3/envs/prokka/bin/aragorn
[10:27:34] Determined aragorn version is 001002 from 'ARAGORN v1.2.41 Dean Laslett'
[10:27:34] Looking for 'barrnap' - found /home/mft/anaconda3/envs/prokka/bin/barrnap
[10:27:34] Determined barrnap version is 000009 from 'barrnap 0.9'
[10:27:34] Looking for 'blastp' - found /home/mft/anaconda3/envs/prokka/bin/blastp
[10:27:34] Determined blastp version is 002014 from 'blastp: 2.14.1+'
[10:27:34] Looking for 'cmpress' - found /home/mft/anaconda3/envs/prokka/bin/cmpress
[10:27:34] Determined cmpress version is 001001 from '# INFERNAL 1.1.4 (Dec 2020)'
[10:27:34] Looking for 'cmscan' - found /home/mft/anaconda3/envs/prokka/bin/cmscan
[10:27:34] Determined cmscan version is 001001 from '# INFERNAL 1.1.4 (Dec 2020)'
[10:27:34] Looking for 'egrep' - found /usr/bin/egrep
[10:27:34] Looking for 'find' - found /usr/bin/find
[10:27:34] Looking for 'grep' - found /usr/bin/grep
[10:27:34] Looking for 'hmmpress' - found /home/mft/anaconda3/envs/prokka/bin/hmmpress
[10:27:34] Determined hmmpress version is 003003 from '# HMMER 3.3.2 (Nov 2020); http://hmmer.org/'
[10:27:34] Looking for 'hmmscan' - found /home/mft/anaconda3/envs/prokka/bin/hmmscan
[10:27:34] Determined hmmscan version is 003003 from '# HMMER 3.3.2 (Nov 2020); http://hmmer.org/'
[10:27:34] Looking for 'java' - found /home/mft/anaconda3/envs/prokka/bin/java
[10:27:34] Looking for 'makeblastdb' - found /home/mft/anaconda3/envs/prokka/bin/makeblastdb
[10:27:34] Determined makeblastdb version is 002014 from 'makeblastdb: 2.14.1+'
[10:27:34] Looking for 'minced' - found /home/mft/anaconda3/envs/prokka/bin/minced
[10:27:34] Determined minced version is 004002 from 'minced 0.4.2'
[10:27:34] Looking for 'parallel' - found /home/mft/anaconda3/envs/prokka/bin/parallel
[10:27:34] Determined parallel version is 20230722 from 'GNU parallel 20230722'
[10:27:34] Looking for 'prodigal' - found /home/mft/anaconda3/envs/prokka/bin/prodigal
[10:27:34] Determined prodigal version is 002006 from 'Prodigal V2.6.3: February, 2016'
[10:27:34] Looking for 'prokka-genbank_to_fasta_db' - found /home/mft/anaconda3/envs/prokka/bin/prokka-genbank_to_fasta_db
[10:27:34] Looking for 'sed' - found /usr/bin/sed
[10:27:34] Looking for 'tbl2asn' - found /home/mft/anaconda3/envs/prokka/bin/tbl2asn
[10:27:34] Determined tbl2asn version is 025007 from 'tbl2asn 25.7   arguments:'
[10:27:34] Using genetic code table 11.
[10:27:34] Loading and checking input file: wol_DRR353013.con.fa
[10:27:35] Wrote 1 contigs totalling 1267622 bp.
[10:27:35] Predicting tRNAs and tmRNAs
[10:27:35] Running: aragorn -l -gc11  -w wol_DRR353013_prokka\/PROKKA_09202023\.fna
[10:27:35] 1 tRNA-Leu [2876,2963] 35 (gag)
[10:27:35] 2 tRNA-Trp [17300,17373] 34 (cca)
[10:27:35] 3 tRNA-Arg c[44309,44386] 36 (acg)
[10:27:35] 4 tRNA-Thr [83704,83777] 34 (tgt)
[10:27:35] 5 tmRNA* c[116842,117177] 195,245 ANDNFAAEDNVAALAA*
[10:27:35] 6 tRNA-Ile [124581,124657] 35 (gat)
[10:27:35] 7 tRNA-Arg [140535,140611] 35 (cct)
[10:27:35] 8 tRNA-Leu c[302419,302501] 35 (tag)
[10:27:35] 9 tRNA-Leu [338238,338321] 34 (caa)
[10:27:35] 10 tRNA-Leu [371849,371935] 35 (taa)
[10:27:35] 11 tRNA-Phe c[513554,513627] 34 (gaa)
[10:27:35] 12 tRNA-Asp [519277,519353] 35 (gtc)
[10:27:35] 13 tRNA-Gly c[659056,659127] 33 (tcc)
[10:27:35] 14 tRNA-Tyr c[659131,659214] 36 (gta)
[10:27:35] 15 tRNA-Ser [722307,722394] 35 (gga)
[10:27:35] 16 tRNA-Arg [747280,747355] 36 (ccg)
[10:27:35] 17 tRNA-Met [759775,759848] 34 (cat)
[10:27:35] 18 tRNA-Gln c[793365,793437] 33 (ttg)
[10:27:35] 19 tRNA-Asn [840247,840319] 33 (gtt)
[10:27:35] 20 tRNA-Gly c[848947,849020] 34 (gcc)
[10:27:35] 21 tRNA-Met [850315,850391] 35 (cat)
[10:27:35] 22 tRNA-Ala c[934728,934803] 34 (tgc)
[10:27:35] 23 tRNA-Lys [935141,935214] 34 (ttt)
[10:27:35] 24 tRNA-Ser [941521,941609] 35 (tga)
[10:27:35] 25 tRNA-Leu [956803,956888] 35 (cag)
[10:27:35] 26 tRNA-His c[970482,970557] 34 (gtg)
[10:27:35] 27 tRNA-Val [1003890,1003963] 34 (gac)
[10:27:35] 28 tRNA-Arg c[1080033,1080108] 36 (tct)
[10:27:35] 29 tRNA-Thr c[1105318,1105392] 35 (ggt)
[10:27:35] 30 tRNA-Met c[1107068,1107144] 35 (cat)
[10:27:35] 31 tRNA-Val c[1151892,1151964] 34 (tac)
[10:27:35] 32 tRNA-Pro c[1158341,1158416] 36 (tgg)
[10:27:35] 33 tRNA-Glu c[1159348,1159420] 34 (ttc)
[10:27:35] 34 tRNA-Cys [1186037,1186109] 34 (gca)
[10:27:35] 35 tRNA-Ser [1208542,1208634] 36 (gct)
[10:27:35] Found 35 tRNAs
[10:27:35] Predicting Ribosomal RNAs
[10:27:35] Running Barrnap with 8 threads
[10:27:36] 1 NZ_CP046925.1 182257 23S ribosomal RNA
[10:27:36] 2 NZ_CP046925.1 185085 5S ribosomal RNA
[10:27:36] 3 NZ_CP046925.1 1167683 16S ribosomal RNA
[10:27:36] Found 3 rRNAs
[10:27:36] Skipping ncRNA search, enable with --rfam if desired.
[10:27:36] Total of 37 tRNA + rRNA features
[10:27:36] Searching for CRISPR repeats
[10:27:36] Found 0 CRISPRs
[10:27:36] Predicting coding sequences
[10:27:36] Contigs total 1267622 bp, so using single mode
[10:27:36] Running: prodigal -i wol_DRR353013_prokka\/PROKKA_09202023\.fna -c -m -g 11 -p single -f sco -q
[10:27:38] Excluding CDS which overlaps existing RNA (rRNA) at NZ_CP046925.1:182163..182303 on + strand
[10:27:38] Excluding CDS which overlaps existing RNA (tRNA) at NZ_CP046925.1:338252..338941 on + strand
[10:27:38] Excluding CDS which overlaps existing RNA (tRNA) at NZ_CP046925.1:758483..759784 on + strand
[10:27:38] Excluding CDS which overlaps existing RNA (tRNA) at NZ_CP046925.1:793428..793763 on - strand
[10:27:38] Excluding CDS which overlaps existing RNA (tRNA) at NZ_CP046925.1:1080033..1080452 on + strand
[10:27:38] Found 1261 CDS
[10:27:38] Connecting features back to sequences
[10:27:38] Not using genus-specific database. Try --usegenus to enable it.
[10:27:38] Annotating CDS, please be patient.
[10:27:38] Will use 8 CPUs for similarity searching.
[10:27:39] There are still 1261 unannotated CDS left (started with 1261)
[10:27:39] Will use blast to search against /home/mft/anaconda3/envs/prokka/db/kingdom/Bacteria/IS with 8 CPUs
[10:27:39] Running: cat wol_DRR353013_prokka\/PROKKA_09202023\.IS\.tmp\.14602\.faa | parallel --gnu --plain -j 8 --block 22608 --recstart '>' --pipe blastp -query - -db /home/mft/anaconda3/envs/prokka/db/kingdom/Bacteria/IS -evalue 1e-30 -qcov_hsp_perc 90 -num_threads 1 -num_descriptions 1 -num_alignments 1 -seg no > wol_DRR353013_prokka\/PROKKA_09202023\.IS\.tmp\.14602\.blast 2> /dev/null
[10:27:45] Deleting unwanted file: wol_DRR353013_prokka/PROKKA_09202023.IS.tmp.14602.faa
[10:27:45] Deleting unwanted file: wol_DRR353013_prokka/PROKKA_09202023.IS.tmp.14602.blast
[10:27:45] There are still 1206 unannotated CDS left (started with 1261)
[10:27:45] Will use blast to search against /home/mft/anaconda3/envs/prokka/db/kingdom/Bacteria/AMR with 8 CPUs
[10:27:45] Running: cat wol_DRR353013_prokka\/PROKKA_09202023\.AMR\.tmp\.14602\.faa | parallel --gnu --plain -j 8 --block 22073 --recstart '>' --pipe blastp -query - -db /home/mft/anaconda3/envs/prokka/db/kingdom/Bacteria/AMR -evalue 1e-300 -qcov_hsp_perc 90 -num_threads 1 -num_descriptions 1 -num_alignments 1 -seg no > wol_DRR353013_prokka\/PROKKA_09202023\.AMR\.tmp\.14602\.blast 2> /dev/null
[10:27:50] Deleting unwanted file: wol_DRR353013_prokka/PROKKA_09202023.AMR.tmp.14602.faa
[10:27:50] Deleting unwanted file: wol_DRR353013_prokka/PROKKA_09202023.AMR.tmp.14602.blast
[10:27:51] There are still 1206 unannotated CDS left (started with 1261)
[10:27:51] Will use blast to search against /home/mft/anaconda3/envs/prokka/db/kingdom/Bacteria/sprot with 8 CPUs
[10:27:51] Running: cat wol_DRR353013_prokka\/PROKKA_09202023\.sprot\.tmp\.14602\.faa | parallel --gnu --plain -j 8 --block 22073 --recstart '>' --pipe blastp -query - -db /home/mft/anaconda3/envs/prokka/db/kingdom/Bacteria/sprot -evalue 1e-09 -qcov_hsp_perc 80 -num_threads 1 -num_descriptions 1 -num_alignments 1 -seg no > wol_DRR353013_prokka\/PROKKA_09202023\.sprot\.tmp\.14602\.blast 2> /dev/null
[10:28:14] Modify product: UPF0758 protein => hypothetical protein
[10:28:14] Modify product: Bifunctional protein FolD => Bifunctional protein FolD protein
[10:28:14] Modify product: UPF0335 protein CCNA_03428 => hypothetical protein
[10:28:14] Modify product: UPF0053 protein HI_0107 => hypothetical protein
[10:28:14] Modify product: SCO1 protein homolog => SCO1 protein 
[10:28:14] Modify product: UPF0053 inner membrane protein YoaE => hypothetical protein
[10:28:14] Modify product: Uncharacterized protein NMB0459 => putative protein
[10:28:14] Modify product: UPF0758 protein => hypothetical protein
[10:28:14] Modify product: Probable peptidoglycan glycosyltransferase FtsW => putative peptidoglycan glycosyltransferase FtsW
[10:28:14] Modify product: Putative multidrug export ATP-binding/permease protein SAV1866 => Putative multidrug export ATP-binding/permease protein
[10:28:15] Modify product: Probable transcriptional regulatory protein aq_1575 => putative transcriptional regulatory protein
[10:28:15] Modify product: Uncharacterized protein RP812 => putative protein RP812
[10:28:15] Modify product: Uncharacterized zinc protease Rv2782c => putative zinc protease
[10:28:15] Modify product: Uncharacterized zinc protease Rv2782c => putative zinc protease
[10:28:15] Modify product: Uncharacterized zinc protease Rv2782c => putative zinc protease
[10:28:15] Modify product: Probable protein kinase UbiB => putative protein kinase UbiB
[10:28:15] Modify product: Probable ribonucleotide transport ATP-binding protein mkl => putative ribonucleotide transport ATP-binding protein mkl
[10:28:15] Modify product: Uncharacterized metal-dependent hydrolase YcfH => putative metal-dependent hydrolase YcfH
[10:28:15] Modify product: Uncharacterized HIT-like protein HP_0404 => putative HIT-like protein
[10:28:15] Modify product: UPF0176 protein lpg2838 => hypothetical protein
[10:28:15] Modify product: Probable oxidoreductase CT_610 => putative oxidoreductase CT_610
[10:28:15] Modify product: Probable lipid II flippase MurJ => putative lipid II flippase MurJ
[10:28:15] Modify product: Probable murein peptide carboxypeptidase => putative murein peptide carboxypeptidase
[10:28:15] Modify product: Cytochrome b561 homolog 2 => Cytochrome b561 
[10:28:15] Modify product: Probable chromosome-partitioning protein ParB => putative chromosome-partitioning protein ParB
[10:28:15] Modify product: Probable peptidoglycan D,D-transpeptidase FtsI => putative peptidoglycan D,D-transpeptidase FtsI
[10:28:15] Cleaned 26 /product names
[10:28:15] Deleting unwanted file: wol_DRR353013_prokka/PROKKA_09202023.sprot.tmp.14602.faa
[10:28:15] Deleting unwanted file: wol_DRR353013_prokka/PROKKA_09202023.sprot.tmp.14602.blast
[10:28:15] There are still 697 unannotated CDS left (started with 1261)
[10:28:15] Will use hmmer3 to search against /home/mft/anaconda3/envs/prokka/db/hmm/HAMAP.hmm with 8 CPUs
[10:28:15] Running: cat wol_DRR353013_prokka\/PROKKA_09202023\.HAMAP\.hmm\.tmp\.14602\.faa | parallel --gnu --plain -j 8 --block 10838 --recstart '>' --pipe hmmscan --noali --notextw --acc -E 1e-09 --cpu 1 /home/mft/anaconda3/envs/prokka/db/hmm/HAMAP.hmm /dev/stdin > wol_DRR353013_prokka\/PROKKA_09202023\.HAMAP\.hmm\.tmp\.14602\.hmmer3 2> /dev/null
[10:28:26] Deleting unwanted file: wol_DRR353013_prokka/PROKKA_09202023.HAMAP.hmm.tmp.14602.faa
[10:28:26] Deleting unwanted file: wol_DRR353013_prokka/PROKKA_09202023.HAMAP.hmm.tmp.14602.hmmer3
[10:28:26] Labelling remaining 629 proteins as 'hypothetical protein'
[10:28:26] Possible /pseudo 'IS5 family transposase ISWpi1' at NZ_CP046925.1 position 47153
[10:28:26] Possible /pseudo 'IS4 family transposase ISWosp2' at NZ_CP046925.1 position 50070
[10:28:26] Possible /pseudo 'Inosine-5'-monophosphate dehydrogenase' at NZ_CP046925.1 position 81476
[10:28:26] Possible /pseudo 'Guanidinium exporter' at NZ_CP046925.1 position 92076
[10:28:26] Possible /pseudo 'IS4 family transposase ISWosp8' at NZ_CP046925.1 position 93472
[10:28:26] Possible /pseudo 'IS5 family transposase ISWpi1' at NZ_CP046925.1 position 126607
[10:28:26] Possible /pseudo 'Aminopyrimidine aminohydrolase' at NZ_CP046925.1 position 127661
[10:28:26] Possible /pseudo 'IS5 family transposase ISWpi1' at NZ_CP046925.1 position 197701
[10:28:26] Possible /pseudo 'Cytochrome c-type biogenesis protein CcmF' at NZ_CP046925.1 position 218193
[10:28:26] Possible /pseudo 'IS5 family transposase ISWpi1' at NZ_CP046925.1 position 309011
[10:28:26] Possible /pseudo 'ATP synthase subunit b' at NZ_CP046925.1 position 409979
[10:28:26] Possible /pseudo 'IS5 family transposase ISWpi1' at NZ_CP046925.1 position 438134
[10:28:26] Possible /pseudo 'IS5 family transposase ISWpi1' at NZ_CP046925.1 position 508225
[10:28:26] Possible /pseudo 'IS5 family transposase ISWpi1' at NZ_CP046925.1 position 532626
[10:28:26] Possible /pseudo 'IS5 family transposase ISWpi1' at NZ_CP046925.1 position 568507
[10:28:26] Possible /pseudo 'L-allo-threonine aldolase' at NZ_CP046925.1 position 602100
[10:28:26] Possible /pseudo 'IS5 family transposase ISWpi1' at NZ_CP046925.1 position 635034
[10:28:26] Possible /pseudo 'putative zinc protease' at NZ_CP046925.1 position 735555
[10:28:26] Possible /pseudo 'IS4 family transposase ISWpi18' at NZ_CP046925.1 position 777859
[10:28:26] Possible /pseudo 'IS5 family transposase ISWpi1' at NZ_CP046925.1 position 873976
[10:28:26] Possible /pseudo 'IS5 family transposase ISWpi1' at NZ_CP046925.1 position 886483
[10:28:26] Possible /pseudo 'IS5 family transposase ISWpi1' at NZ_CP046925.1 position 896927
[10:28:26] Possible /pseudo 'Amino-acid carrier protein AlsT' at NZ_CP046925.1 position 1008865
[10:28:26] Possible /pseudo 'IS4 family transposase ISWosp8' at NZ_CP046925.1 position 1053194
[10:28:26] Possible /pseudo 'IS4 family transposase ISWosp8' at NZ_CP046925.1 position 1102065
[10:28:26] Possible /pseudo 'IS5 family transposase ISWpi1' at NZ_CP046925.1 position 1172549
[10:28:26] Found 520 unique /gene codes.
[10:28:26] Fixed 2 duplicate /gene - rnd_1 rnd_2
[10:28:26] Fixed 2 duplicate /gene - ccmF_1 ccmF_2
[10:28:26] Fixed 2 duplicate /gene - tenA_1 tenA_2
[10:28:26] Fixed 2 duplicate /gene - guaB_1 guaB_2
[10:28:26] Fixed 2 duplicate /gene - ltaA_1 ltaA_2
[10:28:26] Fixed 2 duplicate /gene - algA_1 algA_2
[10:28:26] Fixed 2 duplicate /gene - COQ3_1 COQ3_2
[10:28:26] Fixed 2 duplicate /gene - virB4_1 virB4_2
[10:28:26] Fixed 2 duplicate /gene - atpF_1 atpF_2
[10:28:26] Fixed 2 duplicate /gene - argD_1 argD_2
[10:28:26] Fixed 3 duplicate /gene - alsT_1 alsT_2 alsT_3
[10:28:26] Fixed 2 duplicate /gene - glmU_1 glmU_2
[10:28:26] Fixed 3 duplicate /gene - smc_1 smc_2 smc_3
[10:28:26] Fixed 2 duplicate /gene - dnaA_1 dnaA_2
[10:28:26] Fixed 2 duplicate /gene - gdx_1 gdx_2
[10:28:26] Fixed 2 duplicate /gene - tufA_1 tufA_2
[10:28:26] Fixed 2 duplicate /gene - rcsC_1 rcsC_2
[10:28:26] Fixed 3 duplicate /gene - proP_1 proP_2 proP_3
[10:28:26] Fixed 2 duplicate /gene - purL_1 purL_2
[10:28:26] Fixed 3 duplicate /gene - ftsH_1 ftsH_2 ftsH_3
[10:28:26] Fixed 2 duplicate /gene - atpH_1 atpH_2
[10:28:26] Fixed 2 duplicate /gene - mutL_1 mutL_2
[10:28:26] Fixed 2 duplicate /gene - surA_1 surA_2
[10:28:26] Fixed 2 duplicate /gene - rnhA_1 rnhA_2
[10:28:26] Fixed 24 colliding /gene names.
[10:28:26] Adding /locus_tag identifiers
[10:28:26] Assigned 1299 locus_tags to CDS and RNA features.
[10:28:26] Writing outputs to wol_DRR353013_prokka/
[10:28:29] Generating annotation statistics file
[10:28:29] Generating Genbank and Sequin files
[10:28:29] Running: tbl2asn -V b -a r10k -l paired-ends -M n -N 1 -y 'Annotated using prokka 1.14.6 from https://github.com/tseemann/prokka' -Z wol_DRR353013_prokka\/PROKKA_09202023\.err -i wol_DRR353013_prokka\/PROKKA_09202023\.fsa 2> /dev/null
[10:28:31] Deleting unwanted file: wol_DRR353013_prokka/errorsummary.val
[10:28:31] Deleting unwanted file: wol_DRR353013_prokka/PROKKA_09202023.dr
[10:28:31] Deleting unwanted file: wol_DRR353013_prokka/PROKKA_09202023.fixedproducts
[10:28:31] Deleting unwanted file: wol_DRR353013_prokka/PROKKA_09202023.ecn
[10:28:31] Deleting unwanted file: wol_DRR353013_prokka/PROKKA_09202023.val
[10:28:31] Repairing broken .GBK output that tbl2asn produces...
[10:28:31] Running: sed 's/COORDINATES: profile/COORDINATES:profile/' < wol_DRR353013_prokka\/PROKKA_09202023\.gbf > wol_DRR353013_prokka\/PROKKA_09202023\.gbk
[10:28:31] Deleting unwanted file: wol_DRR353013_prokka/PROKKA_09202023.gbf
[10:28:31] Output files:
[10:28:31] wol_DRR353013_prokka/PROKKA_09202023.err
[10:28:31] wol_DRR353013_prokka/PROKKA_09202023.faa
[10:28:31] wol_DRR353013_prokka/PROKKA_09202023.ffn
[10:28:31] wol_DRR353013_prokka/PROKKA_09202023.fna
[10:28:31] wol_DRR353013_prokka/PROKKA_09202023.fsa
[10:28:31] wol_DRR353013_prokka/PROKKA_09202023.gbk
[10:28:31] wol_DRR353013_prokka/PROKKA_09202023.gff
[10:28:31] wol_DRR353013_prokka/PROKKA_09202023.log
[10:28:31] wol_DRR353013_prokka/PROKKA_09202023.sqn
[10:28:31] wol_DRR353013_prokka/PROKKA_09202023.tbl
[10:28:31] wol_DRR353013_prokka/PROKKA_09202023.tsv
[10:28:31] wol_DRR353013_prokka/PROKKA_09202023.txt
[10:28:31] Annotation finished successfully.
[10:28:31] Walltime used: 0.95 minutes
[10:28:31] If you use this result please cite the Prokka paper:
[10:28:31] Seemann T (2014) Prokka: rapid prokaryotic genome annotation. Bioinformatics. 30(14):2068-9.
[10:28:31] Type 'prokka --citation' for more details.
[10:28:31] Share and enjoy!
